Added Component: Designator=B1(2.45 GHz RF Balun)
Added Component: Designator=B1(Battery)
Added Component: Designator=C1(1206 Capacitor)
Added Component: Designator=C2(0201 Capacitor)
Added Component: Designator=C3(0402 Capacitor)
Added Component: Designator=C4(0603 Capacitor)
Added Component: Designator=C5(0603 Capacitor)
Added Component: Designator=C6(0603 Capacitor)
Added Component: Designator=C7(0603 Capacitor)
Added Component: Designator=C8(0603 Capacitor)
Added Component: Designator=C9(0603 Capacitor)
Added Component: Designator=C10(0603 Capacitor)
Added Component: Designator=C11(0603 Capacitor)
Added Component: Designator=C12(0603 Capacitor)
Added Component: Designator=C13(0603 Capacitor)
Added Component: Designator=C14(0201 Capacitor)
Added Component: Designator=C15(0201 Capacitor)
Added Component: Designator=C16(0603 Capacitor)
Added Component: Designator=C17(0603 Capacitor)
Added Component: Designator=C18(0603 Capacitor)
Added Component: Designator=C19(0603 Capacitor)
Added Component: Designator=D1(Schottky Diode)
Added Component: Designator=D2(Schottky Diode)
Added Component: Designator=D3(Schottky Diode)
Added Component: Designator=D4(Schottky Diode)
Added Component: Designator=IC1(Voltage Regulator)
Added Component: Designator=JP1(10 Pin Connector)
Added Component: Designator=P1(2 Pin Header)
Added Component: Designator=Q2(N-Channel MOSFET)
Added Component: Designator=Q3(N-Channel MOSFET)
Added Component: Designator=Q4(N-Channel MOSFET)
Added Component: Designator=Q5(N-Channel MOSFET)
Added Component: Designator=R1(0402 Resistor)
Added Component: Designator=R2(0402 Resistor)
Added Component: Designator=R3(0402 Resistor)
Added Component: Designator=R4(0402 Resistor)
Added Component: Designator=R5(0402 Resistor)
Added Component: Designator=R6(0402 Resistor)
Added Component: Designator=R7(0402 Resistor)
Added Component: Designator=R8(0402 Resistor)
Added Component: Designator=R9(0402 Resistor)
Added Component: Designator=R10(0402 Resistor)
Added Component: Designator=R11(0402 Resistor)
Added Component: Designator=R12(0402 Resistor)
Added Component: Designator=R13(0402 Resistor)
Added Component: Designator=R14(0402 Resistor)
Added Component: Designator=U1(Atmega 128)
Added Component: Designator=U2(Accelerometer)
Added Component: Designator=Y1(2.4GHz Bluetooth)
Added Pin To Net: NetName=3V3 Pin=C3-2
Added Pin To Net: NetName=3V3 Pin=C4-2
Added Pin To Net: NetName=3V3 Pin=C5-2
Added Pin To Net: NetName=3V3 Pin=C6-2
Added Pin To Net: NetName=3V3 Pin=C7-2
Added Pin To Net: NetName=3V3 Pin=C8-2
Added Pin To Net: NetName=3V3 Pin=C19-2
Added Pin To Net: NetName=3V3 Pin=IC1-1
Added Pin To Net: NetName=3V3 Pin=JP1-10
Added Pin To Net: NetName=3V3 Pin=R11-2
Added Pin To Net: NetName=3V3 Pin=R12-2
Added Pin To Net: NetName=3V3 Pin=R13-2
Added Pin To Net: NetName=3V3 Pin=R14-2
Added Pin To Net: NetName=3V3 Pin=U1-23
Added Pin To Net: NetName=3V3 Pin=U1-34
Added Pin To Net: NetName=3V3 Pin=U1-44
Added Pin To Net: NetName=3V3 Pin=U1-54
Added Pin To Net: NetName=3V3 Pin=U1-59
Added Pin To Net: NetName=3V3 Pin=U2-13
Added Net: Name=3V3
Added Pin To Net: NetName=GND Pin=B1-2
Added Pin To Net: NetName=GND Pin=C1-1
Added Pin To Net: NetName=GND Pin=C2-1
Added Pin To Net: NetName=GND Pin=C3-1
Added Pin To Net: NetName=GND Pin=C4-1
Added Pin To Net: NetName=GND Pin=C5-1
Added Pin To Net: NetName=GND Pin=C6-1
Added Pin To Net: NetName=GND Pin=C7-1
Added Pin To Net: NetName=GND Pin=C8-1
Added Pin To Net: NetName=GND Pin=C9-1
Added Pin To Net: NetName=GND Pin=C10-1
Added Pin To Net: NetName=GND Pin=C14-1
Added Pin To Net: NetName=GND Pin=C15-1
Added Pin To Net: NetName=GND Pin=C16-1
Added Pin To Net: NetName=GND Pin=C17-1
Added Pin To Net: NetName=GND Pin=C18-1
Added Pin To Net: NetName=GND Pin=C19-1
Added Pin To Net: NetName=GND Pin=IC1-4
Added Pin To Net: NetName=GND Pin=Q2-3
Added Pin To Net: NetName=GND Pin=Q3-3
Added Pin To Net: NetName=GND Pin=Q4-3
Added Pin To Net: NetName=GND Pin=Q5-3
Added Pin To Net: NetName=GND Pin=R1-1
Added Pin To Net: NetName=GND Pin=R3-1
Added Pin To Net: NetName=GND Pin=R5-1
Added Pin To Net: NetName=GND Pin=R7-1
Added Pin To Net: NetName=GND Pin=R9-2
Added Pin To Net: NetName=GND Pin=R10-2
Added Pin To Net: NetName=GND Pin=U1-6
Added Pin To Net: NetName=GND Pin=U1-7
Added Pin To Net: NetName=GND Pin=U1-10
Added Pin To Net: NetName=GND Pin=U1-11
Added Pin To Net: NetName=GND Pin=U1-20
Added Pin To Net: NetName=GND Pin=U1-24
Added Pin To Net: NetName=GND Pin=U1-33
Added Pin To Net: NetName=GND Pin=U1-35
Added Pin To Net: NetName=GND Pin=U1-45
Added Pin To Net: NetName=GND Pin=U1-55
Added Pin To Net: NetName=GND Pin=U1-58
Added Pin To Net: NetName=GND Pin=U1-61
Added Pin To Net: NetName=GND Pin=U2-1
Added Pin To Net: NetName=GND Pin=U2-9
Added Pin To Net: NetName=GND Pin=U2-11
Added Pin To Net: NetName=GND Pin=U2-18
Added Net: Name=GND
Added Pin To Net: NetName=MISO Pin=JP1-2
Added Pin To Net: NetName=MISO Pin=U1-39
Added Net: Name=MISO
Added Pin To Net: NetName=MOSI Pin=JP1-4
Added Pin To Net: NetName=MOSI Pin=U1-38
Added Net: Name=MOSI
Added Pin To Net: NetName=NetB1_1 Pin=B1-1
Added Pin To Net: NetName=NetB1_1 Pin=C13-2
Added Pin To Net: NetName=NetB1_1 Pin=Y1-1
Added Net: Name=NetB1_1
Added Pin To Net: NetName=NetB1_3 Pin=B1-3
Added Pin To Net: NetName=NetB1_3 Pin=C12-1
Added Net: Name=NetB1_3
Added Pin To Net: NetName=NetB1_4 Pin=B1-4
Added Pin To Net: NetName=NetB1_4 Pin=C11-1
Added Net: Name=NetB1_4
Added Pin To Net: NetName=NetB1_5 Pin=B1-5
Added Pin To Net: NetName=NetB1_5 Pin=C13-1
Added Net: Name=NetB1_5
Added Pin To Net: NetName=NetC2_2 Pin=C2-2
Added Pin To Net: NetName=NetC2_2 Pin=IC1-2
Added Net: Name=NetC2_2
Added Pin To Net: NetName=NetC9_2 Pin=C9-2
Added Pin To Net: NetName=NetC9_2 Pin=U1-60
Added Net: Name=NetC9_2
Added Pin To Net: NetName=NetC10_2 Pin=C10-2
Added Pin To Net: NetName=NetC10_2 Pin=U1-21
Added Pin To Net: NetName=NetC10_2 Pin=U1-22
Added Net: Name=NetC10_2
Added Pin To Net: NetName=NetC11_2 Pin=C11-2
Added Pin To Net: NetName=NetC11_2 Pin=U1-8
Added Net: Name=NetC11_2
Added Pin To Net: NetName=NetC12_2 Pin=C12-2
Added Pin To Net: NetName=NetC12_2 Pin=U1-9
Added Net: Name=NetC12_2
Added Pin To Net: NetName=NetC14_2 Pin=C14-2
Added Pin To Net: NetName=NetC14_2 Pin=U1-57
Added Net: Name=NetC14_2
Added Pin To Net: NetName=NetC15_2 Pin=C15-2
Added Pin To Net: NetName=NetC15_2 Pin=U1-56
Added Net: Name=NetC15_2
Added Pin To Net: NetName=NetC16_2 Pin=C16-2
Added Pin To Net: NetName=NetC16_2 Pin=U2-20
Added Net: Name=NetC16_2
Added Pin To Net: NetName=NetC17_2 Pin=C17-2
Added Pin To Net: NetName=NetC17_2 Pin=U2-10
Added Net: Name=NetC17_2
Added Pin To Net: NetName=NetC18_2 Pin=C18-2
Added Pin To Net: NetName=NetC18_2 Pin=U2-8
Added Net: Name=NetC18_2
Added Pin To Net: NetName=NetD1_1 Pin=D1-1
Added Pin To Net: NetName=NetD1_1 Pin=Q5-2
Added Net: Name=NetD1_1
Added Pin To Net: NetName=NetD2_1 Pin=D2-1
Added Pin To Net: NetName=NetD2_1 Pin=Q4-2
Added Net: Name=NetD2_1
Added Pin To Net: NetName=NetD3_1 Pin=D3-1
Added Pin To Net: NetName=NetD3_1 Pin=Q2-2
Added Net: Name=NetD3_1
Added Pin To Net: NetName=NetD4_1 Pin=D4-1
Added Pin To Net: NetName=NetD4_1 Pin=Q3-2
Added Net: Name=NetD4_1
Added Pin To Net: NetName=NetLED1A_1 Pin=R11-1
Added Pin To Net: NetName=NetLED1A_1 Pin=U1-1
Added Net: Name=NetLED1A_1
Added Pin To Net: NetName=NetLED1A_2 Pin=R9-1
Added Net: Name=NetLED1A_2
Added Pin To Net: NetName=NetLED1B_1 Pin=U1-2
Added Net: Name=NetLED1B_1
Added Pin To Net: NetName=NetLED1B_2 Pin=R10-1
Added Net: Name=NetLED1B_2
Added Pin To Net: NetName=NetQ2_1 Pin=Q2-1
Added Pin To Net: NetName=NetQ2_1 Pin=R6-2
Added Net: Name=NetQ2_1
Added Pin To Net: NetName=NetQ3_1 Pin=Q3-1
Added Pin To Net: NetName=NetQ3_1 Pin=R8-2
Added Net: Name=NetQ3_1
Added Pin To Net: NetName=NetQ4_1 Pin=Q4-1
Added Pin To Net: NetName=NetQ4_1 Pin=R4-2
Added Net: Name=NetQ4_1
Added Pin To Net: NetName=NetQ5_1 Pin=Q5-1
Added Pin To Net: NetName=NetQ5_1 Pin=R2-2
Added Net: Name=NetQ5_1
Added Pin To Net: NetName=NetR1_2 Pin=R1-2
Added Pin To Net: NetName=NetR1_2 Pin=R2-1
Added Net: Name=NetR1_2
Added Pin To Net: NetName=NetR3_2 Pin=R3-2
Added Pin To Net: NetName=NetR3_2 Pin=R4-1
Added Net: Name=NetR3_2
Added Pin To Net: NetName=NetR5_2 Pin=R5-2
Added Pin To Net: NetName=NetR5_2 Pin=R6-1
Added Net: Name=NetR5_2
Added Pin To Net: NetName=NetR7_2 Pin=R7-2
Added Pin To Net: NetName=NetR7_2 Pin=R8-1
Added Net: Name=NetR7_2
Added Pin To Net: NetName=OC1A Pin=U1-41
Added Net: Name=OC1A
Added Pin To Net: NetName=OC1B Pin=U1-42
Added Net: Name=OC1B
Added Pin To Net: NetName=OC1C Pin=U1-43
Added Net: Name=OC1C
Added Pin To Net: NetName=OC3A Pin=U1-49
Added Net: Name=OC3A
Added Pin To Net: NetName=RESET Pin=JP1-8
Added Pin To Net: NetName=RESET Pin=R14-1
Added Pin To Net: NetName=RESET Pin=U1-12
Added Net: Name=RESET
Added Pin To Net: NetName=RXD0 Pin=U1-46
Added Net: Name=RXD0
Added Pin To Net: NetName=SCK Pin=JP1-6
Added Pin To Net: NetName=SCK Pin=U1-37
Added Net: Name=SCK
Added Pin To Net: NetName=SCL Pin=R12-1
Added Pin To Net: NetName=SCL Pin=U1-25
Added Pin To Net: NetName=SCL Pin=U2-7
Added Net: Name=SCL
Added Pin To Net: NetName=SDA Pin=R13-1
Added Pin To Net: NetName=SDA Pin=U1-26
Added Pin To Net: NetName=SDA Pin=U2-24
Added Net: Name=SDA
Added Pin To Net: NetName=TXD0 Pin=U1-47
Added Net: Name=TXD0
Added Pin To Net: NetName=VBATT_CHG Pin=JP1-9
Added Net: Name=VBATT_CHG
Added Pin To Net: NetName=VBATT Pin=C1-2
Added Pin To Net: NetName=VBATT Pin=D1-2
Added Pin To Net: NetName=VBATT Pin=D2-2
Added Pin To Net: NetName=VBATT Pin=D3-2
Added Pin To Net: NetName=VBATT Pin=D4-2
Added Pin To Net: NetName=VBATT Pin=IC1-3
Added Pin To Net: NetName=VBATT Pin=IC1-5
Added Net: Name=VBATT
Added Class: Name=Picocopter
Added Room: Name=Picocopter
